0 info it worked if it ends with ok
1 verbose cli [ 'D:\\Program Files\\nodejs-x64\\node.exe',
1 verbose cli   'D:\\Program Files\\nodejs-x64\\node_modules\\npm\\bin\\npm-cli.js',
1 verbose cli   'start' ]
2 info using npm@3.10.3
3 info using node@v6.6.0
4 verbose run-script [ 'prestart', 'start', 'poststart' ]
5 info lifecycle angular-webpack-workflow@1.0.0~prestart: angular-webpack-workflow@1.0.0
6 silly lifecycle angular-webpack-workflow@1.0.0~prestart: no script for prestart, continuing
7 info lifecycle angular-webpack-workflow@1.0.0~start: angular-webpack-workflow@1.0.0
8 verbose lifecycle angular-webpack-workflow@1.0.0~start: unsafe-perm in lifecycle true
9 verbose lifecycle angular-webpack-workflow@1.0.0~start: PATH: D:\Program Files\nodejs-x64\node_modules\npm\bin\node-gyp-bin;E:\cyxtkhk\node_modules\.bin;D:\Program Files\nodejs-x64;C:\Users\Administrator\bin;C:\Program Files\Git\mingw64\bin;C:\Program Files\Git\usr\local\bin;C:\Program Files\Git\usr\bin;C:\Program Files\Git\usr\bin;C:\Program Files\Git\mingw64\bin;C:\Program Files\Git\usr\bin;C:\Users\Administrator\bin;D:\Program Files\Java\jdk1.8.0_91\bin;D:\Program Files\Java\jdk1.8.0_91\jre\bin;C:\Windows\system32;C:\Windows;C:\Windows\System32\Wbem;C:\Windows\System32\WindowsPowerShell\v1.0;D:\Program Files\nodejs-x64;C:\ProgramData\chocolatey\bin;C:\Users\Administrator\AppData\Roaming\npm;C:\tools\python2;C:\Program Files\MongoDB\Server\3.2\bin;C:\Users\Administrator\AppData\Local\Android\Sdk\platform-tools;C:\Program Files (x86)\Microsoft SQL Server\80\Tools\BINN;D:\Program Files (x86)\Heroku\bin;C:\Program Files (x86)\git\cmd;D:\Program Files\phpStudy\php53;C:\ProgramData\ComposerSetup\bin;D:\Program Files\TortoiseGit\bin;C:\Program Files\Git\cmd;C:\Program Files\Git\mingw64\libexec\git-core;C:\Program Files\Git\mingw64\libexec\git-core\mergetools;C:\Program Files\Git\usr\bin\vendor_perl;C:\Program Files\Git\usr\bin\core_perl
10 verbose lifecycle angular-webpack-workflow@1.0.0~start: CWD: E:\cyxtkhk
11 silly lifecycle angular-webpack-workflow@1.0.0~start: Args: [ '/d /s /c', 'npm run server' ]
12 silly lifecycle angular-webpack-workflow@1.0.0~start: Returned: code: 1  signal: null
13 info lifecycle angular-webpack-workflow@1.0.0~start: Failed to exec start script
14 verbose stack Error: angular-webpack-workflow@1.0.0 start: `npm run server`
14 verbose stack Exit status 1
14 verbose stack     at EventEmitter.<anonymous> (D:\Program Files\nodejs-x64\node_modules\npm\lib\utils\lifecycle.js:242:16)
14 verbose stack     at emitTwo (events.js:106:13)
14 verbose stack     at EventEmitter.emit (events.js:191:7)
14 verbose stack     at ChildProcess.<anonymous> (D:\Program Files\nodejs-x64\node_modules\npm\lib\utils\spawn.js:40:14)
14 verbose stack     at emitTwo (events.js:106:13)
14 verbose stack     at ChildProcess.emit (events.js:191:7)
14 verbose stack     at maybeClose (internal/child_process.js:877:16)
14 verbose stack     at Process.ChildProcess._handle.onexit (internal/child_process.js:226:5)
15 verbose pkgid angular-webpack-workflow@1.0.0
16 verbose cwd E:\cyxtkhk
17 error Windows_NT 6.1.7601
18 error argv "D:\\Program Files\\nodejs-x64\\node.exe" "D:\\Program Files\\nodejs-x64\\node_modules\\npm\\bin\\npm-cli.js" "start"
19 error node v6.6.0
20 error npm  v3.10.3
21 error code ELIFECYCLE
22 error angular-webpack-workflow@1.0.0 start: `npm run server`
22 error Exit status 1
23 error Failed at the angular-webpack-workflow@1.0.0 start script 'npm run server'.
23 error Make sure you have the latest version of node.js and npm installed.
23 error If you do, this is most likely a problem with the angular-webpack-workflow package,
23 error not with npm itself.
23 error Tell the author that this fails on your system:
23 error     npm run server
23 error You can get information on how to open an issue for this project with:
23 error     npm bugs angular-webpack-workflow
23 error Or if that isn't available, you can get their info via:
23 error     npm owner ls angular-webpack-workflow
23 error There is likely additional logging output above.
24 verbose exit [ 1, true ]
